<?xml version="1.0"?>
<!DOCTYPE coverage SYSTEM "http://cobertura.sourceforge.net/xml/coverage-04.dtd">

<coverage line-rate="0.11395702192316041" branch-rate="0.05132382892057027" lines-covered="525" lines-valid="4607" branches-covered="126" branches-valid="2455" complexity="2.604651162790698" version="1.9.4.1" timestamp="1463796747140">
	<sources>
		<source>--source</source>
		<source>/home/zsoltkir1/MyProjects/cardgame/target/generated-sources/annotations</source>
		<source>/home/zsoltkir1/MyProjects/cardgame/src/main/java</source>
	</sources>
	<packages>
		<package name="com.google.gson" line-rate="0.1515499425947187" branch-rate="0.03333333333333333" complexity="0.0">
			<classes>
				<class name="com.google.gson.DefaultDateTypeAdapter" filename="com/google/gson/DefaultDateTypeAdapter.java" line-rate="0.0" branch-rate="0.0" complexity="0.0">
					<methods>
						<method name="&lt;init&gt;" signature="()V" line-rate="0.0" branch-rate="1.0">
							<lines>
								<line number="46" hits="0" branch="false"/>
								<line number="47" hits="0" branch="false"/>
								<line number="48" hits="0" branch="false"/>
							</lines>
						</method>
						<method name="&lt;init&gt;" signature="(I)V" line-rate="0.0" branch-rate="1.0">
							<lines>
								<line number="55" hits="0" branch="false"/>
								<line number="56" hits="0" branch="false"/>
							</lines>
						</method>
						<method name="&lt;init&gt;" signature="(II)V" line-rate="0.0" branch-rate="1.0">
							<lines>
								<line number="59" hits="0" branch="false"/>
								<line number="60" hits="0" branch="false"/>
								<line number="61" hits="0" branch="false"/>
							</lines>
						</method>
						<method name="&lt;init&gt;" signature="(Ljava/lang/String;)V" line-rate="0.0" branch-rate="1.0">
							<lines>
								<line number="51" hits="0" branch="false"/>
								<line number="52" hits="0" branch="false"/>
							</lines>
						</method>
						<method name="&lt;init&gt;" signature="(Ljava/text/DateFormat;Ljava/text/DateFormat;)V" line-rate="0.0" branch-rate="1.0">
							<lines>
								<line number="63" hits="0" branch="false"/>
								<line number="64" hits="0" branch="false"/>
								<line number="65" hits="0" branch="false"/>
								<line number="66" hits="0" branch="false"/>
							</lines>
						</method>
						<method name="deserialize" signature="(Lcom/google/gson/JsonElement;Ljava/lang/reflect/Type;Lcom/google/gson/JsonDeserializationContext;)Ljava/lang/Object;" line-rate="0.0" branch-rate="1.0">
							<lines>
								<line number="38" hits="0" branch="false"/>
							</lines>
						</method>
						<method name="deserialize" signature="(Lcom/google/gson/JsonElement;Ljava/lang/reflect/Type;Lcom/google/gson/JsonDeserializationContext;)Ljava/util/Date;" line-rate="0.0" branch-rate="0.0">
							<lines>
								<line number="81" hits="0" branch="true" condition-coverage="0% (0/2)">
									<conditions>
										<condition number="0" type="jump" coverage="0%"/>
									</conditions>
								</line>
								<line number="82" hits="0" branch="false"/>
								<line number="84" hits="0" branch="false"/>
								<line number="85" hits="0" branch="true" condition-coverage="0% (0/2)">
									<conditions>
										<condition number="0" type="jump" coverage="0%"/>
									</conditions>
								</line>
								<line number="86" hits="0" branch="false"/>
								<line number="87" hits="0" branch="true" condition-coverage="0% (0/2)">
									<conditions>
										<condition number="0" type="jump" coverage="0%"/>
									</conditions>
								</line>
								<line number="88" hits="0" branch="false"/>
								<line number="89" hits="0" branch="true" condition-coverage="0% (0/2)">
									<conditions>
										<condition number="0" type="jump" coverage="0%"/>
									</conditions>
								</line>
								<line number="90" hits="0" branch="false"/>
								<line number="92" hits="0" branch="false"/>
							</lines>
						</method>
						<method name="deserializeToDate" signature="(Lcom/google/gson/JsonElement;)Ljava/util/Date;" line-rate="0.0" branch-rate="1.0">
							<lines>
								<line number="97" hits="0" branch="false"/>
								<line number="99" hits="0" branch="false"/>
								<line number="100" hits="0" branch="false"/>
								<line number="102" hits="0" branch="false"/>
								<line number="103" hits="0" branch="false"/>
								<line number="105" hits="0" branch="false"/>
								<line number="106" hits="0" branch="false"/>
								<line number="107" hits="0" branch="false"/>
								<line number="109" hits="0" branch="false"/>
							</lines>
						</method>
						<method name="serialize" signature="(Ljava/lang/Object;Ljava/lang/reflect/Type;Lcom/google/gson/JsonSerializationContext;)Lcom/google/gson/JsonElement;" line-rate="1.0" branch-rate="1.0">
							<lines>
							</lines>
						</method>
						<method name="serialize" signature="(Ljava/util/Date;Ljava/lang/reflect/Type;Lcom/google/gson/JsonSerializationContext;)Lcom/google/gson/JsonElement;" line-rate="0.0" branch-rate="1.0">
							<lines>
								<line number="72" hits="0" branch="false"/>
								<line number="73" hits="0" branch="false"/>
								<line number="74" hits="0" branch="false"/>
								<line number="75" hits="0" branch="false"/>
							</lines>
						</method>
						<method name="toString" signature="()Ljava/lang/String;" line-rate="0.0" branch-rate="1.0">
							<lines>
								<line number="114" hits="0" branch="false"/>
								<line number="115" hits="0" branch="false"/>
								<line number="116" hits="0" branch="false"/>
								<line number="117" hits="0" branch="false"/>
							</lines>
						</method>
					</methods>
					<lines>
						<line number="38" hits="0" branch="false"/>
						<line number="46" hits="0" branch="false"/>
						<line number="47" hits="0" branch="false"/>
						<line number="48" hits="0" branch="false"/>
						<line number="51" hits="0" branch="false"/>
						<line number="52" hits="0" branch="false"/>
						<line number="55" hits="0" branch="false"/>
						<line number="56" hits="0" branch="false"/>
						<line number="59" hits="0" branch="false"/>
						<line number="60" hits="0" branch="false"/>
						<line number="61" hits="0" branch="false"/>
						<line number="63" hits="0" branch="false"/>
						<line number="64" hits="0" branch="false"/>
						<line number="65" hits="0" branch="false"/>
						<line number="66" hits="0" branch="false"/>
						<line number="72" hits="0" branch="false"/>
						<line number="73" hits="0" branch="false"/>
						<line number="74" hits="0" branch="false"/>
						<line number="75" hits="0" branch="false"/>
						<line number="81" hits="0" branch="true" condition-coverage="0% (0/2)">
							<conditions>
								<condition number="0" type="jump" coverage="0%"/>
							</conditions>
						</line>
						<line number="82" hits="0" branch="false"/>
						<line number="84" hits="0" branch="false"/>
						<line number="85" hits="0" branch="true" condition-coverage="0% (0/2)">
							<conditions>
								<condition number="0" type="jump" coverage="0%"/>
							</conditions>
						</line>
						<line number="86" hits="0" branch="false"/>
						<line number="87" hits="0" branch="true" condition-coverage="0% (0/2)">
							<conditions>
								<condition number="0" type="jump" coverage="0%"/>
							</conditions>
						</line>
						<line number="88" hits="0" branch="false"/>
						<line number="89" hits="0" branch="true" condition-coverage="0% (0/2)">
							<conditions>
								<condition number="0" type="jump" coverage="0%"/>
							</conditions>
						</line>
						<line number="90" hits="0" branch="false"/>
						<line number="92" hits="0" branch="false"/>
						<line number="97" hits="0" branch="false"/>
						<line number="99" hits="0" branch="false"/>
						<line number="100" hits="0" branch="false"/>
						<line number="102" hits="0" branch="false"/>
						<line number="103" hits="0" branch="false"/>
						<line number="105" hits="0" branch="false"/>
						<line number="106" hits="0" branch="false"/>
						<line number="107" hits="0" branch="false"/>
						<line number="109" hits="0" branch="false"/>
						<line number="114" hits="0" branch="false"/>
						<line number="115" hits="0" branch="false"/>
						<line number="116" hits="0" branch="false"/>
						<line number="117" hits="0" branch="false"/>
					</lines>
				</class>
				<class name="com.google.gson.ExclusionStrategy" filename="com/google/gson/ExclusionStrategy.java" line-rate="1.0" branch-rate="1.0" complexity="0.0">
					<methods>
					</methods>
					<lines>
					</lines>
				</class>
				<class name="com.google.gson.FieldAttributes" filename="com/google/gson/FieldAttributes.java" line-rate="0.0" branch-rate="0.0" complexity="0.0">
					<methods>
						<method name="&lt;init&gt;" signature="(Ljava/lang/reflect/Field;)V" line-rate="0.0" branch-rate="1.0">
							<lines>
								<line number="44" hits="0" branch="false"/>
								<line number="45" hits="0" branch="false"/>
								<line number="46" hits="0" branch="false"/>
								<line number="47" hits="0" branch="false"/>
							</lines>
						</method>
						<method name="get" signature="(Ljava/lang/Object;)Ljava/lang/Object;" line-rate="0.0" branch-rate="1.0">
							<lines>
								<line number="146" hits="0" branch="false"/>
							</lines>
						</method>
						<method name="getAnnotation" signature="(Ljava/lang/Class;)Ljava/lang/annotation/Annotation;" line-rate="0.0" branch-rate="1.0">
							<lines>
								<line number="111" hits="0" branch="false"/>
							</lines>
						</method>
						<method name="getAnnotations" signature="()Ljava/util/Collection;" line-rate="0.0" branch-rate="1.0">
							<lines>
								<line number="121" hits="0" branch="false"/>
							</lines>
						</method>
						<method name="getDeclaredClass" signature="()Ljava/lang/Class;" line-rate="0.0" branch-rate="1.0">
							<lines>
								<line number="100" hits="0" branch="false"/>
							</lines>
						</method>
						<method name="getDeclaredType" signature="()Ljava/lang/reflect/Type;" line-rate="0.0" branch-rate="1.0">
							<lines>
								<line number="80" hits="0" branch="false"/>
							</lines>
						</method>
						<method name="getDeclaringClass" signature="()Ljava/lang/Class;" line-rate="0.0" branch-rate="1.0">
							<lines>
								<line number="53" hits="0" branch="false"/>
							</lines>
						</method>
						<method name="getName" signature="()Ljava/lang/String;" line-rate="0.0" branch-rate="1.0">
							<lines>
								<line number="60" hits="0" branch="false"/>
							</lines>
						</method>
						<method name="hasModifier" signature="(I)Z" line-rate="0.0" branch-rate="0.0">
							<lines>
								<line number="135" hits="0" branch="true" condition-coverage="0% (0/2)">
									<conditions>
										<condition number="0" type="jump" coverage="0%"/>
									</conditions>
								</line>
							</lines>
						</method>
						<method name="isSynthetic" signature="()Z" line-rate="0.0" branch-rate="1.0">
							<lines>
								<line number="155" hits="0" branch="false"/>
							</lines>
						</method>
					</methods>
					<lines>
						<line number="44" hits="0" branch="false"/>
						<line number="45" hits="0" branch="false"/>
						<line number="46" hits="0" branch="false"/>
						<line number="47" hits="0" branch="false"/>
						<line number="53" hits="0" branch="false"/>
						<line number="60" hits="0" branch="false"/>
						<line number="80" hits="0" branch="false"/>
						<line number="100" hits="0" branch="false"/>
						<line number="111" hits="0" branch="false"/>
						<line number="121" hits="0" branch="false"/>
						<line number="135" hits="0" branch="true" condition-coverage="0% (0/2)">
							<conditions>
								<condition number="0" type="jump" coverage="0%"/>
							</conditions>
						</line>
						<line number="146" hits="0" branch="false"/>
						<line number="155" hits="0" branch="false"/>
					</lines>
				</class>
				<class name="com.google.gson.FieldNamingPolicy" filename="com/google/gson/FieldNamingPolicy.java" line-rate="0.2" branch-rate="0.0" complexity="0.0">
					<methods>
						<method name="&lt;clinit&gt;" signature="()V" line-rate="1.0" branch-rate="1.0">
							<lines>
								<line number="31" hits="11" branch="false"/>
								<line number="37" hits="1" branch="false"/>
								<line number="53" hits="1" branch="false"/>
								<line number="72" hits="1" branch="false"/>
								<line number="90" hits="1" branch="false"/>
								<line number="113" hits="1" branch="false"/>
							</lines>
						</method>
						<method name="&lt;init&gt;" signature="(Ljava/lang/String;I)V" line-rate="1.0" branch-rate="1.0">
							<lines>
							</lines>
						</method>
						<method name="&lt;init&gt;" signature="(Ljava/lang/String;ILcom/google/gson/FieldNamingPolicy$1;)V" line-rate="1.0" branch-rate="1.0">
							<lines>
							</lines>
						</method>
						<method name="modifyString" signature="(CLjava/lang/String;I)Ljava/lang/String;" line-rate="0.0" branch-rate="0.0">
							<lines>
								<line number="165" hits="0" branch="true" condition-coverage="0% (0/2)">
									<conditions>
										<condition number="0" type="jump" coverage="0%"/>
									</conditions>
								</line>
								<line number="166" hits="0" branch="false"/>
								<line number="167" hits="0" branch="false"/>
							</lines>
						</method>
						<method name="separateCamelCase" signature="(Ljava/lang/String;Ljava/lang/String;)Ljava/lang/String;" line-rate="0.0" branch-rate="0.0">
							<lines>
								<line number="124" hits="0" branch="false"/>
								<line number="125" hits="0" branch="true" condition-coverage="0% (0/2)">
									<conditions>
										<condition number="0" type="jump" coverage="0%"/>
									</conditions>
								</line>
								<line number="126" hits="0" branch="false"/>
								<line number="127" hits="0" branch="true" condition-coverage="0% (0/4)">
									<conditions>
										<condition number="0" type="jump" coverage="0%"/>
										<condition number="1" type="jump" coverage="0%"/>
									</conditions>
								</line>
								<line number="128" hits="0" branch="false"/>
								<line number="130" hits="0" branch="false"/>
								<line number="132" hits="0" branch="false"/>
							</lines>
						</method>
						<method name="upperCaseFirstLetter" signature="(Ljava/lang/String;)Ljava/lang/String;" line-rate="0.0" branch-rate="0.0">
							<lines>
								<line number="139" hits="0" branch="false"/>
								<line number="140" hits="0" branch="false"/>
								<line number="141" hits="0" branch="false"/>
								<line number="143" hits="0" branch="true" condition-coverage="0% (0/2)">
									<conditions>
										<condition number="0" type="jump" coverage="0%"/>
									</conditions>
								</line>
								<line number="144" hits="0" branch="true" condition-coverage="0% (0/2)">
									<conditions>
										<condition number="0" type="jump" coverage="0%"/>
									</conditions>
								</line>
								<line number="145" hits="0" branch="false"/>
								<line number="148" hits="0" branch="false"/>
								<line number="149" hits="0" branch="false"/>
								<line number="152" hits="0" branch="true" condition-coverage="0% (0/2)">
									<conditions>
										<condition number="0" type="jump" coverage="0%"/>
									</conditions>
								</line>
								<line number="153" hits="0" branch="false"/>
								<line number="156" hits="0" branch="true" condition-coverage="0% (0/2)">
									<conditions>
										<condition number="0" type="jump" coverage="0%"/>
									</conditions>
								</line>
								<line number="157" hits="0" branch="false"/>
								<line number="158" hits="0" branch="false"/>
								<line number="160" hits="0" branch="false"/>
							</lines>
						</method>
						<method name="valueOf" signature="(Ljava/lang/String;)Lcom/google/gson/FieldNamingPolicy;" line-rate="1.0" branch-rate="1.0">
							<lines>
							</lines>
						</method>
						<method name="values" signature="()[Lcom/google/gson/FieldNamingPolicy;" line-rate="1.0" branch-rate="1.0">
							<lines>
							</lines>
						</method>
					</methods>
					<lines>
						<line number="31" hits="11" branch="false"/>
						<line number="37" hits="1" branch="false"/>
						<line number="53" hits="1" branch="false"/>
						<line number="72" hits="1" branch="false"/>
						<line number="90" hits="1" branch="false"/>
						<line number="113" hits="1" branch="false"/>
						<line number="124" hits="0" branch="false"/>
						<line number="125" hits="0" branch="true" condition-coverage="0% (0/2)">
							<conditions>
								<condition number="0" type="jump" coverage="0%"/>
							</conditions>
						</line>
						<line number="126" hits="0" branch="false"/>
						<line number="127" hits="0" branch="true" condition-coverage="0% (0/4)">
							<conditions>
								<condition number="0" type="jump" coverage="0%"/>
								<condition number="1" type="jump" coverage="0%"/>
							</conditions>
						</line>
						<line number="128" hits="0" branch="false"/>
						<line number="130" hits="0" branch="false"/>
						<line number="132" hits="0" branch="false"/>
						<line number="139" hits="0" branch="false"/>
						<line number="140" hits="0" branch="false"/>
						<line number="141" hits="0" branch="false"/>
						<line number="143" hits="0" branch="true" condition-coverage="0% (0/2)">
							<conditions>
								<condition number="0" type="jump" coverage="0%"/>
							</conditions>
						</line>
						<line number="144" hits="0" branch="true" condition-coverage="0% (0/2)">
							<conditions>
								<condition number="0" type="jump" coverage="0%"/>
							</conditions>
						</line>
						<line number="145" hits="0" branch="false"/>
						<line number="148" hits="0" branch="false"/>
						<line number="149" hits="0" branch="false"/>
						<line number="152" hits="0" branch="true" condition-coverage="0% (0/2)">
							<conditions>
								<condition number="0" type="jump" coverage="0%"/>
							</conditions>
						</line>
						<line number="153" hits="0" branch="false"/>
						<line number="156" hits="0" branch="true" condition-coverage="0% (0/2)">
							<conditions>
								<condition number="0" type="jump" coverage="0%"/>
							</conditions>
						</line>
						<line number="157" hits="0" branch="false"/>
						<line number="158" hits="0" branch="false"/>
						<line number="160" hits="0" branch="false"/>
						<line number="165" hits="0" branch="true" condition-coverage="0% (0/2)">
							<conditions>
								<condition number="0" type="jump" coverage="0%"/>
							</conditions>
						</line>
						<line number="166" hits="0" branch="false"/>
						<line number="167" hits="0" branch="false"/>
					</lines>
				</class>
				<class name="com.google.gson.FieldNamingPolicy$1" filename="com/google/gson/FieldNamingPolicy.java" line-rate="0.5" branch-rate="1.0" complexity="0.0">
					<methods>
						<method name="&lt;init&gt;" signature="(Ljava/lang/String;I)V" line-rate="1.0" branch-rate="1.0">
							<lines>
								<line number="37" hits="1" branch="false"/>
							</lines>
						</method>
						<method name="translateName" signature="(Ljava/lang/reflect/Field;)Ljava/lang/String;" line-rate="0.0" branch-rate="1.0">
							<lines>
								<line number="39" hits="0" branch="false"/>
							</lines>
						</method>
					</methods>
					<lines>
						<line number="37" hits="1" branch="false"/>
						<line number="39" hits="0" branch="false"/>
					</lines>
				</class>
				<class name="com.google.gson.FieldNamingPolicy$2" filename="com/google/gson/FieldNamingPolicy.java" line-rate="0.5" branch-rate="1.0" complexity="0.0">
					<methods>
						<method name="&lt;init&gt;" signature="(Ljava/lang/String;I)V" line-rate="1.0" branch-rate="1.0">
							<lines>
								<line number="53" hits="1" branch="false"/>
							</lines>
						</method>
						<method name="translateName" signature="(Ljava/lang/reflect/Field;)Ljava/lang/String;" line-rate="0.0" branch-rate="1.0">
							<lines>
								<line number="55" hits="0" branch="false"/>
							</lines>
						</method>
					</methods>
					<lines>
						<line number="53" hits="1" branch="false"/>
						<line number="55" hits="0" branch="false"/>
					</lines>
				</class>
				<class name="com.google.gson.FieldNamingPolicy$3" filename="com/google/gson/FieldNamingPolicy.java" line-rate="0.5" branch-rate="1.0" complexity="0.0">
					<methods>
						<method name="&lt;init&gt;" signature="(Ljava/lang/String;I)V" line-rate="1.0" branch-rate="1.0">
							<lines>
								<line number="72" hits="1" branch="false"/>
							</lines>
						</method>
						<method name="translateName" signature="(Ljava/lang/reflect/Field;)Ljava/lang/String;" line-rate="0.0" branch-rate="1.0">
							<lines>
								<line number="74" hits="0" branch="false"/>
							</lines>
						</method>
					</methods>
					<lines>
						<line number="72" hits="1" branch="false"/>
						<line number="74" hits="0" branch="false"/>
					</lines>
				</class>
				<class name="com.google.gson.FieldNamingPolicy$4" filename="com/google/gson/FieldNamingPolicy.java" line-rate="0.5" branch-rate="1.0" complexity="0.0">
					<methods>
						<method name="&lt;init&gt;" signature="(Ljava/lang/String;I)V" line-rate="1.0" branch-rate="1.0">
							<lines>
								<line number="90" hits="1" branch="false"/>
							</lines>
						</method>
						<method name="translateName" signature="(Ljava/lang/reflect/Field;)Ljava/lang/String;" line-rate="0.0" branch-rate="1.0">
							<lines>
								<line number="92" hits="0" branch="false"/>
							</lines>
						</method>
					</methods>
					<lines>
						<line number="90" hits="1" branch="false"/>
						<line number="92" hits="0" branch="false"/>
					</lines>
				</class>
				<class name="com.google.gson.FieldNamingPolicy$5" filename="com/google/gson/FieldNamingPolicy.java" line-rate="0.5" branch-rate="1.0" complexity="0.0">
					<methods>
						<method name="&lt;init&gt;" signature="(Ljava/lang/String;I)V" line-rate="1.0" branch-rate="1.0">
							<lines>
								<line number="113" hits="1" branch="false"/>
							</lines>
						</method>
						<method name="translateName" signature="(Ljava/lang/reflect/Field;)Ljava/lang/String;" line-rate="0.0" branch-rate="1.0">
							<lines>
								<line number="115" hits="0" branch="false"/>
							</lines>
						</method>
					</methods>
					<lines>
						<line number="113" hits="1" branch="false"/>
						<line number="115" hits="0" branch="false"/>
					</lines>
				</class>
				<class name="com.google.gson.FieldNamingStrategy" filename="com/google/gson/FieldNamingStrategy.java" line-rate="1.0" branch-rate="1.0" complexity="0.0">
					<methods>
					</methods>
					<lines>
					</lines>
				</class>
				<class name="com.google.gson.Gson" filename="com/google/gson/Gson.java" line-rate="0.4435146443514644" branch-rate="0.21153846153846154" complexity="0.0">
					<methods>
						<method name="&lt;init&gt;" signature="()V" line-rate="1.0" branch-rate="1.0">
							<lines>
								<line number="186" hits="2" branch="false"/>
								<line number="187" hits="1" branch="false"/>
								<line number="190" hits="1" branch="false"/>
								<line number="191" hits="1" branch="false"/>
							</lines>
						</method>
						<method name="&lt;init&gt;" signature="(Lcom/google/gson/internal/Excluder;Lcom/google/gson/FieldNamingStrategy;Ljava/util/Map;ZZZZZZZLcom/google/gson/LongSerializationPolicy;Ljava/util/List;)V" line-rate="1.0" branch-rate="1.0">
							<lines>
								<line number="120" hits="1" branch="false"/>
								<line number="123" hits="1" branch="false"/>
								<line number="124" hits="1" branch="false"/>
								<line number="135" hits="1" branch="false"/>
								<line number="142" hits="1" branch="false"/>
								<line number="198" hits="1" branch="false"/>
								<line number="199" hits="1" branch="false"/>
								<line number="200" hits="1" branch="false"/>
								<line number="201" hits="1" branch="false"/>
								<line number="202" hits="1" branch="false"/>
								<line number="203" hits="1" branch="false"/>
								<line number="204" hits="1" branch="false"/>
								<line number="206" hits="1" branch="false"/>
								<line number="209" hits="1" branch="false"/>
								<line number="210" hits="1" branch="false"/>
								<line number="213" hits="1" branch="false"/>
								<line number="216" hits="1" branch="false"/>
								<line number="219" hits="1" branch="false"/>
								<line number="220" hits="1" branch="false"/>
								<line number="221" hits="1" branch="false"/>
								<line number="222" hits="1" branch="false"/>
								<line number="223" hits="1" branch="false"/>
								<line number="224" hits="1" branch="false"/>
								<line number="225" hits="1" branch="false"/>
								<line number="226" hits="2" branch="false"/>
								<line number="227" hits="1" branch="false"/>
								<line number="228" hits="2" branch="false"/>
								<line number="229" hits="1" branch="false"/>
								<line number="230" hits="1" branch="false"/>
								<line number="231" hits="1" branch="false"/>
								<line number="232" hits="1" branch="false"/>
								<line number="233" hits="1" branch="false"/>
								<line number="234" hits="1" branch="false"/>
								<line number="235" hits="1" branch="false"/>
								<line number="236" hits="1" branch="false"/>
								<line number="237" hits="1" branch="false"/>
								<line number="238" hits="1" branch="false"/>
								<line number="239" hits="1" branch="false"/>
								<line number="240" hits="1" branch="false"/>
								<line number="241" hits="1" branch="false"/>
								<line number="242" hits="1" branch="false"/>
								<line number="243" hits="1" branch="false"/>
								<line number="244" hits="1" branch="false"/>
								<line number="245" hits="1" branch="false"/>
								<line number="246" hits="1" branch="false"/>
								<line number="247" hits="1" branch="false"/>
								<line number="248" hits="1" branch="false"/>
								<line number="249" hits="1" branch="false"/>
								<line number="250" hits="1" branch="false"/>
								<line number="251" hits="1" branch="false"/>
								<line number="252" hits="1" branch="false"/>
								<line number="253" hits="1" branch="false"/>
								<line number="254" hits="1" branch="false"/>
								<line number="257" hits="1" branch="false"/>
								<line number="258" hits="1" branch="false"/>
								<line number="259" hits="1" branch="false"/>
								<line number="260" hits="1" branch="false"/>
								<line number="261" hits="1" branch="false"/>
								<line number="264" hits="1" branch="false"/>
								<line number="265" hits="1" branch="false"/>
							</lines>
						</method>
						<method name="assertFullConsumption" signature="(Ljava/lang/Object;Lcom/google/gson/stream/JsonReader;)V" line-rate="0.0" branch-rate="0.0">
							<lines>
								<line number="851" hits="0" branch="true" condition-coverage="0% (0/4)">
									<conditions>
										<condition number="0" type="jump" coverage="0%"/>
										<condition number="1" type="jump" coverage="0%"/>
									</conditions>
								</line>
								<line number="852" hits="0" branch="false"/>
								<line number="854" hits="0" branch="false"/>
								<line number="855" hits="0" branch="false"/>
								<line number="856" hits="0" branch="false"/>
								<line number="857" hits="0" branch="false"/>
								<line number="858" hits="0" branch="false"/>
								<line number="859" hits="0" branch="false"/>
							</lines>
						</method>
						<method name="atomicLongAdapter" signature="(Lcom/google/gson/TypeAdapter;)Lcom/google/gson/TypeAdapter;" line-rate="1.0" branch-rate="1.0">
							<lines>
								<line number="346" hits="1" branch="false"/>
								<line number="354" hits="1" branch="false"/>
							</lines>
						</method>
						<method name="atomicLongArrayAdapter" signature="(Lcom/google/gson/TypeAdapter;)Lcom/google/gson/TypeAdapter;" line-rate="1.0" branch-rate="1.0">
							<lines>
								<line number="358" hits="1" branch="false"/>
								<line number="381" hits="1" branch="false"/>
							</lines>
						</method>
						<method name="checkValidFloatingPoint" signature="(D)V" line-rate="0.0" branch-rate="0.0">
							<lines>
								<line number="316" hits="0" branch="true" condition-coverage="0% (0/4)">
									<conditions>
										<condition number="0" type="jump" coverage="0%"/>
										<condition number="1" type="jump" coverage="0%"/>
									</conditions>
								</line>
								<line number="317" hits="0" branch="false"/>
								<line number="321" hits="0" branch="false"/>
							</lines>
						</method>
						<method name="doubleAdapter" signature="(Z)Lcom/google/gson/TypeAdapter;" line-rate="0.6666666666666666" branch-rate="0.5">
							<lines>
								<line number="268" hits="1" branch="true" condition-coverage="50% (1/2)">
									<conditions>
										<condition number="0" type="jump" coverage="50%"/>
									</conditions>
								</line>
								<line number="269" hits="0" branch="false"/>
								<line number="271" hits="1" branch="false"/>
							</lines>
						</method>
						<method name="floatAdapter" signature="(Z)Lcom/google/gson/TypeAdapter;" line-rate="0.6666666666666666" branch-rate="0.5">
							<lines>
								<line number="292" hits="1" branch="true" condition-coverage="50% (1/2)">
									<conditions>
										<condition number="0" type="jump" coverage="50%"/>
									</conditions>
								</line>
								<line number="293" hits="0" branch="false"/>
								<line number="295" hits="1" branch="false"/>
							</lines>
						</method>
						<method name="fromJson" signature="(Lcom/google/gson/JsonElement;Ljava/lang/Class;)Ljava/lang/Object;" line-rate="0.0" branch-rate="1.0">
							<lines>
								<line number="917" hits="0" branch="false"/>
								<line number="918" hits="0" branch="false"/>
							</lines>
						</method>
						<method name="fromJson" signature="(Lcom/google/gson/JsonElement;Ljava/lang/reflect/Type;)Ljava/lang/Object;" line-rate="0.0" branch-rate="0.0">
							<lines>
								<line number="941" hits="0" branch="true" condition-coverage="0% (0/2)">
									<conditions>
										<condition number="0" type="jump" coverage="0%"/>
									</conditions>
								</line>
								<line number="942" hits="0" branch="false"/>
								<line number="944" hits="0" branch="false"/>
							</lines>
						</method>
						<method name="fromJson" signature="(Lcom/google/gson/stream/JsonReader;Ljava/lang/reflect/Type;)Ljava/lang/Object;" line-rate="0.4444444444444444" branch-rate="0.0">
							<lines>
								<line number="871" hits="1" branch="false"/>
								<line number="872" hits="1" branch="false"/>
								<line number="873" hits="1" branch="false"/>
								<line number="875" hits="1" branch="false"/>
								<line number="876" hits="1" branch="false"/>
								<line number="877" hits="1" branch="false"/>
								<line number="878" hits="1" branch="false"/>
								<line number="879" hits="0" branch="false"/>
								<line number="880" hits="0" branch="false"/>
								<line number="881" hits="0" branch="false"/>
								<line number="886" hits="0" branch="true" condition-coverage="0% (0/2)">
									<conditions>
										<condition number="0" type="jump" coverage="0%"/>
									</conditions>
								</line>
								<line number="887" hits="0" branch="false"/>
								<line number="889" hits="0" branch="false"/>
								<line number="890" hits="0" branch="false"/>
								<line number="891" hits="0" branch="false"/>
								<line number="892" hits="0" branch="false"/>
								<line number="894" hits="0" branch="false"/>
								<line number="896" hits="1" branch="false"/>
							</lines>
						</method>
						<method name="fromJson" signature="(Ljava/io/Reader;Ljava/lang/Class;)Ljava/lang/Object;" line-rate="0.0" branch-rate="1.0">
							<lines>
								<line number="816" hits="0" branch="false"/>
								<line number="817" hits="0" branch="false"/>
								<line number="818" hits="0" branch="false"/>
								<line number="819" hits="0" branch="false"/>
							</lines>
						</method>
						<method name="fromJson" signature="(Ljava/io/Reader;Ljava/lang/reflect/Type;)Ljava/lang/Object;" line-rate="0.5" branch-rate="1.0">
							<lines>
								<line number="843" hits="1" branch="false"/>
								<line number="844" hits="1" branch="false"/>
								<line number="845" hits="0" branch="false"/>
								<line number="846" hits="0" branch="false"/>
							</lines>
						</method>
						<method name="fromJson" signature="(Ljava/lang/String;Ljava/lang/Class;)Ljava/lang/Object;" line-rate="0.0" branch-rate="1.0">
							<lines>
								<line number="765" hits="0" branch="false"/>
								<line number="766" hits="0" branch="false"/>
							</lines>
						</method>
						<method name="fromJson" signature="(Ljava/lang/String;Ljava/lang/reflect/Type;)Ljava/lang/Object;" line-rate="0.0" branch-rate="0.0">
							<lines>
								<line number="789" hits="0" branch="true" condition-coverage="0% (0/2)">
									<conditions>
										<condition number="0" type="jump" coverage="0%"/>
									</conditions>
								</line>
								<line number="790" hits="0" branch="false"/>
								<line number="792" hits="0" branch="false"/>
								<line number="793" hits="0" branch="false"/>
								<line number="794" hits="0" branch="false"/>
							</lines>
						</method>
						<method name="getAdapter" signature="(Lcom/google/gson/reflect/TypeToken;)Lcom/google/gson/TypeAdapter;" line-rate="0.76" branch-rate="0.6666666666666666">
							<lines>
								<line number="392" hits="2" branch="false"/>
								<line number="393" hits="2" branch="true" condition-coverage="50% (1/2)">
									<conditions>
										<condition number="0" type="jump" coverage="50%"/>
									</conditions>
								</line>
								<line number="394" hits="0" branch="false"/>
								<line number="397" hits="2" branch="false"/>
								<line number="398" hits="2" branch="false"/>
								<line number="399" hits="2" branch="true" condition-coverage="100% (2/2)">
									<conditions>
										<condition number="0" type="jump" coverage="100%"/>
									</conditions>
								</line>
								<line number="400" hits="1" branch="false"/>
								<line number="401" hits="1" branch="false"/>
								<line number="402" hits="1" branch="false"/>
								<line number="406" hits="2" branch="false"/>
								<line number="407" hits="2" branch="true" condition-coverage="50% (1/2)">
									<conditions>
										<condition number="0" type="jump" coverage="50%"/>
									</conditions>
								</line>
								<line number="408" hits="0" branch="false"/>
								<line number="412" hits="2" branch="false"/>
								<line number="413" hits="2" branch="false"/>
								<line number="415" hits="2" branch="true" condition-coverage="50% (1/2)">
									<conditions>
										<condition number="0" type="jump" coverage="50%"/>
									</conditions>
								</line>
								<line number="416" hits="78" branch="false"/>
								<line number="417" hits="76" branch="true" condition-coverage="50% (1/2)">
									<conditions>
										<condition number="0" type="jump" coverage="50%"/>
									</conditions>
								</line>
								<line number="418" hits="0" branch="false"/>
								<line number="419" hits="0" branch="false"/>
								<line number="420" hits="0" branch="false"/>
								<line number="422" hits="76" branch="false"/>
								<line number="423" hits="0" branch="false"/>
								<line number="425" hits="2" branch="false"/>
								<line number="427" hits="2" branch="true" condition-coverage="100% (2/2)">
									<conditions>
										<condition number="0" type="jump" coverage="100%"/>
									</conditions>
								</line>
								<line number="428" hits="1" branch="false"/>
							</lines>
						</method>
						<method name="getAdapter" signature="(Ljava/lang/Class;)Lcom/google/gson/TypeAdapter;" line-rate="0.0" branch-rate="1.0">
							<lines>
								<line number="513" hits="0" branch="false"/>
							</lines>
						</method>
						<method name="getDelegateAdapter" signature="(Lcom/google/gson/TypeAdapterFactory;Lcom/google/gson/reflect/TypeToken;)Lcom/google/gson/TypeAdapter;" line-rate="0.0" branch-rate="0.0">
							<lines>
								<line number="484" hits="0" branch="false"/>
								<line number="488" hits="0" branch="true" condition-coverage="0% (0/2)">
									<conditions>
										<condition number="0" type="jump" coverage="0%"/>
									</conditions>
								</line>
								<line number="490" hits="0" branch="true" condition-coverage="0% (0/2)">
									<conditions>
										<condition number="0" type="jump" coverage="0%"/>
									</conditions>
								</line>
								<line number="491" hits="0" branch="true" condition-coverage="0% (0/2)">
									<conditions>
										<condition number="0" type="jump" coverage="0%"/>
									</conditions>
								</line>
								<line number="492" hits="0" branch="true" condition-coverage="0% (0/2)">
									<conditions>
										<condition number="0" type="jump" coverage="0%"/>
									</conditions>
								</line>
								<line number="493" hits="0" branch="false"/>
								<line number="498" hits="0" branch="false"/>
								<line number="499" hits="0" branch="true" condition-coverage="0% (0/2)">
									<conditions>
										<condition number="0" type="jump" coverage="0%"/>
									</conditions>
								</line>
								<line number="500" hits="0" branch="false"/>
								<line number="502" hits="0" branch="false"/>
								<line number="503" hits="0" branch="false"/>
							</lines>
						</method>
						<method name="longAdapter" signature="(Lcom/google/gson/LongSerializationPolicy;)Lcom/google/gson/TypeAdapter;" line-rate="0.6666666666666666" branch-rate="0.5">
							<lines>
								<line number="324" hits="1" branch="true" condition-coverage="50% (1/2)">
									<conditions>
										<condition number="0" type="jump" coverage="50%"/>
									</conditions>
								</line>
								<line number="325" hits="1" branch="false"/>
								<line number="327" hits="0" branch="false"/>
							</lines>
						</method>
						<method name="newJsonReader" signature="(Ljava/io/Reader;)Lcom/google/gson/stream/JsonReader;" line-rate="1.0" branch-rate="1.0">
							<lines>
								<line number="720" hits="1" branch="false"/>
								<line number="721" hits="1" branch="false"/>
								<line number="722" hits="1" branch="false"/>
							</lines>
						</method>
						<method name="newJsonWriter" signature="(Ljava/io/Writer;)Lcom/google/gson/stream/JsonWriter;" line-rate="0.0" branch-rate="0.0">
							<lines>
								<line number="705" hits="0" branch="true" condition-coverage="0% (0/2)">
									<conditions>
										<condition number="0" type="jump" coverage="0%"/>
									</conditions>
								</line>
								<line number="706" hits="0" branch="false"/>
								<line number="708" hits="0" branch="false"/>
								<line number="709" hits="0" branch="true" condition-coverage="0% (0/2)">
									<conditions>
										<condition number="0" type="jump" coverage="0%"/>
									</conditions>
								</line>
								<line number="710" hits="0" branch="false"/>
								<line number="712" hits="0" branch="false"/>
								<line number="713" hits="0" branch="false"/>
							</lines>
						</method>
						<method name="toJson" signature="(Lcom/google/gson/JsonElement;)Ljava/lang/String;" line-rate="0.0" branch-rate="1.0">
							<lines>
								<line number="679" hits="0" branch="false"/>
								<line number="680" hits="0" branch="false"/>
								<line number="681" hits="0" branch="false"/>
							</lines>
						</method>
						<method name="toJson" signature="(Lcom/google/gson/JsonElement;Lcom/google/gson/stream/JsonWriter;)V" line-rate="0.0" branch-rate="1.0">
							<lines>
								<line number="730" hits="0" branch="false"/>
								<line number="731" hits="0" branch="false"/>
								<line number="732" hits="0" branch="false"/>
								<line number="733" hits="0" branch="false"/>
								<line number="734" hits="0" branch="false"/>
								<line number="735" hits="0" branch="false"/>
								<line number="737" hits="0" branch="false"/>
								<line number="738" hits="0" branch="false"/>
								<line number="739" hits="0" branch="false"/>
								<line number="741" hits="0" branch="false"/>
								<line number="742" hits="0" branch="false"/>
								<line number="743" hits="0" branch="false"/>
								<line number="744" hits="0" branch="false"/>
								<line number="745" hits="0" branch="false"/>
							</lines>
						</method>
						<method name="toJson" signature="(Lcom/google/gson/JsonElement;Ljava/lang/Appendable;)V" line-rate="0.0" branch-rate="1.0">
							<lines>
								<line number="694" hits="0" branch="false"/>
								<line number="695" hits="0" branch="false"/>
								<line number="696" hits="0" branch="false"/>
								<line number="697" hits="0" branch="false"/>
								<line number="698" hits="0" branch="false"/>
								<line number="699" hits="0" branch="false"/>
							</lines>
						</method>
						<method name="toJson" signature="(Ljava/lang/Object;)Ljava/lang/String;" line-rate="0.0" branch-rate="0.0">
							<lines>
								<line number="572" hits="0" branch="true" condition-coverage="0% (0/2)">
									<conditions>
										<condition number="0" type="jump" coverage="0%"/>
									</conditions>
								</line>
								<line number="573" hits="0" branch="false"/>
								<line number="575" hits="0" branch="false"/>
							</lines>
						</method>
						<method name="toJson" signature="(Ljava/lang/Object;Ljava/lang/Appendable;)V" line-rate="0.0" branch-rate="0.0">
							<lines>
								<line number="614" hits="0" branch="true" condition-coverage="0% (0/2)">
									<conditions>
										<condition number="0" type="jump" coverage="0%"/>
									</conditions>
								</line>
								<line number="615" hits="0" branch="false"/>
								<line number="617" hits="0" branch="false"/>
								<line number="619" hits="0" branch="false"/>
							</lines>
						</method>
						<method name="toJson" signature="(Ljava/lang/Object;Ljava/lang/reflect/Type;)Ljava/lang/String;" line-rate="0.0" branch-rate="1.0">
							<lines>
								<line number="594" hits="0" branch="false"/>
								<line number="595" hits="0" branch="false"/>
								<line number="596" hits="0" branch="false"/>
							</lines>
						</method>
						<method name="toJson" signature="(Ljava/lang/Object;Ljava/lang/reflect/Type;Lcom/google/gson/stream/JsonWriter;)V" line-rate="0.0" branch-rate="1.0">
							<lines>
								<line number="653" hits="0" branch="false"/>
								<line number="654" hits="0" branch="false"/>
								<line number="655" hits="0" branch="false"/>
								<line number="656" hits="0" branch="false"/>
								<line number="657" hits="0" branch="false"/>
								<line number="658" hits="0" branch="false"/>
								<line number="659" hits="0" branch="false"/>
								<line number="661" hits="0" branch="false"/>
								<line number="662" hits="0" branch="false"/>
								<line number="663" hits="0" branch="false"/>
								<line number="665" hits="0" branch="false"/>
								<line number="666" hits="0" branch="false"/>
								<line number="667" hits="0" branch="false"/>
								<line number="668" hits="0" branch="false"/>
								<line number="669" hits="0" branch="false"/>
							</lines>
						</method>
						<method name="toJson" signature="(Ljava/lang/Object;Ljava/lang/reflect/Type;Ljava/lang/Appendable;)V" line-rate="0.0" branch-rate="1.0">
							<lines>
								<line number="639" hits="0" branch="false"/>
								<line number="640" hits="0" branch="false"/>
								<line number="641" hits="0" branch="false"/>
								<line number="642" hits="0" branch="false"/>
								<line number="643" hits="0" branch="false"/>
								<line number="644" hits="0" branch="false"/>
							</lines>
						</method>
						<method name="toJsonTree" signature="(Ljava/lang/Object;)Lcom/google/gson/JsonElement;" line-rate="0.0" branch-rate="0.0">
							<lines>
								<line number="530" hits="0" branch="true" condition-coverage="0% (0/2)">
									<conditions>
										<condition number="0" type="jump" coverage="0%"/>
									</conditions>
								</line>
								<line number="531" hits="0" branch="false"/>
								<line number="533" hits="0" branch="false"/>
							</lines>
						</method>
						<method name="toJsonTree" signature="(Ljava/lang/Object;Ljava/lang/reflect/Type;)Lcom/google/gson/JsonElement;" line-rate="0.0" branch-rate="1.0">
							<lines>
								<line number="553" hits="0" branch="false"/>
								<line number="554" hits="0" branch="false"/>
								<line number="555" hits="0" branch="false"/>
							</lines>
						</method>
						<method name="toString" signature="()Ljava/lang/String;" line-rate="0.0" branch-rate="1.0">
							<lines>
								<line number="974" hits="0" branch="false"/>
								<line number="975" hits="0" branch="false"/>
								<line number="976" hits="0" branch="false"/>
								<line number="977" hits="0" branch="false"/>
								<line number="978" hits="0" branch="false"/>
								<line number="979" hits="0" branch="false"/>
							</lines>
						</method>
					</methods>
					<lines>
						<line number="120" hits="1" branch="false"/>
						<line number="123" hits="1" branch="false"/>
						<line number="124" hits="1" branch="false"/>
						<line number="135" hits="1" branch="false"/>
						<line number="142" hits="1" branch="false"/>
						<line number="186" hits="2" branch="false"/>
						<line number="187" hits="1" branch="false"/>
						<line number="190" hits="1" branch="false"/>
						<line number="191" hits="1" branch="false"/>
						<line number="198" hits="1" branch="false"/>
						<line number="199" hits="1" branch="false"/>
						<line number="200" hits="1" branch="false"/>
						<line number="201" hits="1" branch="false"/>
						<line number="202" hits="1" branch="false"/>
						<line number="203" hits="1" branch="false"/>
						<line number="204" hits="1" branch="false"/>
						<line number="206" hits="1" branch="false"/>
						<line number="209" hits="1" branch="false"/>
						<line number="210" hits="1" branch="false"/>
						<line number="213" hits="1" branch="false"/>
						<line number="216" hits="1" branch="false"/>
						<line number="219" hits="1" branch="false"/>
						<line number="220" hits="1" branch="false"/>
						<line number="221" hits="1" branch="false"/>
						<line number="222" hits="1" branch="false"/>
						<line number="223" hits="1" branch="false"/>
						<line number="224" hits="1" branch="false"/>
						<line number="225" hits="1" branch="false"/>
						<line number="226" hits="2" branch="false"/>
						<line number="227" hits="1" branch="false"/>
						<line number="228" hits="2" branch="false"/>
						<line number="229" hits="1" branch="false"/>
						<line number="230" hits="1" branch="false"/>
						<line number="231" hits="1" branch="false"/>
						<line number="232" hits="1" branch="false"/>
						<line number="233" hits="1" branch="false"/>
						<line number="234" hits="1" branch="false"/>
						<line number="235" hits="1" branch="false"/>
						<line number="236" hits="1" branch="false"/>
						<line number="237" hits="1" branch="false"/>
						<line number="238" hits="1" branch="false"/>
						<line number="239" hits="1" branch="false"/>
						<line number="240" hits="1" branch="false"/>
						<line number="241" hits="1" branch="false"/>
						<line number="242" hits="1" branch="false"/>
						<line number="243" hits="1" branch="false"/>
						<line number="244" hits="1" branch="false"/>
						<line number="245" hits="1" branch="false"/>
						<line number="246" hits="1" branch="false"/>
						<line number="247" hits="1" branch="false"/>
						<line number="248" hits="1" branch="false"/>
						<line number="249" hits="1" branch="false"/>
						<line number="250" hits="1" branch="false"/>
						<line number="251" hits="1" branch="false"/>
						<line number="252" hits="1" branch="false"/>
						<line number="253" hits="1" branch="false"/>
						<line number="254" hits="1" branch="false"/>
						<line number="257" hits="1" branch="false"/>
						<line number="258" hits="1" branch="false"/>
						<line number="259" hits="1" branch="false"/>
						<line number="260" hits="1" branch="false"/>
						<line number="261" hits="1" branch="false"/>
						<line number="264" hits="1" branch="false"/>
						<line number="265" hits="1" branch="false"/>
						<line number="268" hits="1" branch="true" condition-coverage="50% (1/2)">
							<conditions>
								<condition number="0" type="jump" coverage="50%"/>
							</conditions>
						</line>
						<line number="269" hits="0" branch="false"/>
						<line number="271" hits="1" branch="false"/>
						<line number="292" hits="1" branch="true" condition-coverage="50% (1/2)">
							<conditions>
								<condition number="0" type="jump" coverage="50%"/>
							</conditions>
						</line>
						<line number="293" hits="0" branch="false"/>
						<line number="295" hits="1" branch="false"/>
						<line number="316" hits="0" branch="true" condition-coverage="0% (0/4)">
							<conditions>
								<condition number="0" type="jump" coverage="0%"/>
								<condition number="1" type="jump" coverage="0%"/>
							</conditions>
						</line>
						<line number="317" hits="0" branch="false"/>
						<line number="321" hits="0" branch="false"/>
						<line number="324" hits="1" branch="true" condition-coverage="50% (1/2)">
							<conditions>
								<condition number="0" type="jump" coverage="50%"/>
							</conditions>
						</line>
						<line number="325" hits="1" branch="false"/>
						<line number="327" hits="0" branch="false"/>
						<line number="346" hits="1" branch="false"/>
						<line number="354" hits="1" branch="false"/>
						<line number="358" hits="1" branch="false"/>
						<line number="381" hits="1" branch="false"/>
						<line number="392" hits="2" branch="false"/>
						<line number="393" hits="2" branch="true" condition-coverage="50% (1/2)">
							<conditions>
								<condition number="0" type="jump" coverage="50%"/>
							</conditions>
						</line>
						<line number="394" hits="0" branch="false"/>
						<line number="397" hits="2" branch="false"/>
						<line number="398" hits="2" branch="false"/>
						<line number="399" hits="2" branch="true" condition-coverage="100% (2/2)">
							<conditions>
								<condition number="0" type="jump" coverage="100%"/>
							</conditions>
						</line>
						<line number="400" hits="1" branch="false"/>
						<line number="401" hits="1" branch="false"/>
						<line number="402" hits="1" branch="false"/>
						<line number="406" hits="2" branch="false"/>
						<line number="407" hits="2" branch="true" condition-coverage="50% (1/2)">
							<conditions>
								<condition number="0" type="jump" coverage="50%"/>
							</conditions>
						</line>
						<line number="408" hits="0" branch="false"/>
						<line number="412" hits="2" branch="false"/>
						<line number="413" hits="2" branch="false"/>
						<line number="415" hits="2" branch="true" condition-coverage="50% (1/2)">
							<conditions>
								<condition number="0" type="jump" coverage="50%"/>
							</conditions>
						</line>
						<line number="416" hits="78" branch="false"/>
						<line number="417" hits="76" branch="true" condition-coverage="50% (1/2)">
							<conditions>
								<condition number="0" type="jump" coverage="50%"/>
							</conditions>
						</line>
						<line number="418" hits="0" branch="false"/>
						<line number="419" hits="0" branch="false"/>
						<line number="420" hits="0" branch="false"/>
						<line number="422" hits="76" branch="false"/>
						<line number="423" hits="0" branch="false"/>
						<line number="425" hits="2" branch="false"/>
						<line number="427" hits="2" branch="true" condition-coverage="100% (2/2)">
							<conditions>
								<condition number="0" type="jump" coverage="100%"/>
							</conditions>
						</line>
						<line number="428" hits="1" branch="false"/>
						<line number="484" hits="0" branch="false"/>
						<line number="488" hits="0" branch="true" condition-coverage="0% (0/2)">
							<conditions>
								<condition number="0" type="jump" coverage="0%"/>
							</conditions>
						</line>
						<line number="490" hits="0" branch="true" condition-coverage="0% (0/2)">
							<conditions>
								<condition number="0" type="jump" coverage="0%"/>
							</conditions>
						</line>
						<line number="491" hits="0" branch="true" condition-coverage="0% (0/2)">
							<conditions>
								<condition number="0" type="jump" coverage="0%"/>
							</conditions>
						</line>
						<line number="492" hits="0" branch="true" condition-coverage="0% (0/2)">
							<conditions>
								<condition number="0" type="jump" coverage="0%"/>
							</conditions>
						</line>
						<line number="493" hits="0" branch="false"/>
						<line number="498" hits="0" branch="false"/>
						<line number="499" hits="0" branch="true" condition-coverage="0% (0/2)">
							<conditions>
								<condition number="0" type="jump" coverage="0%"/>
							</conditions>
						</line>
						<line number="500" hits="0" branch="false"/>
						<line number="502" hits="0" branch="false"/>
						<line number="503" hits="0" branch="false"/>
						<line number="513" hits="0" branch="false"/>
						<line number="530" hits="0" branch="true" condition-coverage="0% (0/2)">
							<conditions>
								<condition number="0" type="jump" coverage="0%"/>
							</conditions>
						</line>
						<line number="531" hits="0" branch="false"/>
						<line number="533" hits="0" branch="false"/>
						<line number="553" hits="0" branch="false"/>
						<line number="554" hits="0" branch="false"/>
						<line number="555" hits="0" branch="false"/>
						<line number="572" hits="0" branch="true" condition-coverage="0% (0/2)">
							<conditions>
								<condition number="0" type="jump" coverage="0%"/>
							</conditions>
						</line>
						<line number="573" hits="0" branch="false"/>
						<line number="575" hits="0" branch="false"/>
						<line number="594" hits="0" branch="false"/>
						<line number="595" hits="0" branch="false"/>
						<line number="596" hits="0" branch="false"/>
						<line number="614" hits="0" branch="true" condition-coverage="0% (0/2)">
							<conditions>
								<condition number="0" type="jump" coverage="0%"/>
							</conditions>
						</line>
						<line number="615" hits="0" branch="false"/>
						<line number="617" hits="0" branch="false"/>
						<line number="619" hits="0" branch="false"/>
						<line number="639" hits="0" branch="false"/>
						<line number="640" hits="0" branch="false"/>
						<line number="641" hits="0" branch="false"/>
						<line number="642" hits="0" branch="false"/>
						<line number="643" hits="0" branch="false"/>
						<line number="644" hits="0" branch="false"/>
						<line number="653" hits="0" branch="false"/>
						<line number="654" hits="0" branch="false"/>
						<line number="655" hits="0" branch="false"/>
						<line number="656" hits="0" branch="false"/>
						<line number="657" hits="0" branch="false"/>
						<line number="658" hits="0" branch="false"/>
						<line number="659" hits="0" branch="false"/>
						<line number="661" hits="0" branch="false"/>
						<line number="662" hits="0" branch="false"/>
						<line number="663" hits="0" branch="false"/>
						<line number="665" hits="0" branch="false"/>
						<line number="666" hits="0" branch="false"/>
						<line number="667" hits="0" branch="false"/>
						<line number="668" hits="0" branch="false"/>
						<line number="669" hits="0" branch="false"/>
						<line number="679" hits="0" branch="false"/>
						<line number="680" hits="0" branch="false"/>
						<line number="681" hits="0" branch="false"/>
						<line number="694" hits="0" branch="false"/>
						<line number="695" hits="0" branch="false"/>
						<line number="696" hits="0" branch="false"/>
						<line number="697" hits="0" branch="false"/>
						<line number="698" hits="0" branch="false"/>
						<line number="699" hits="0" branch="false"/>
						<line number="705" hits="0" branch="true" condition-coverage="0% (0/2)">
							<conditions>
								<condition number="0" type="jump" coverage="0%"/>
							</conditions>
						</line>
						<line number="706" hits="0" branch="false"/>
						<line number="708" hits="0" branch="false"/>
						<line number="709" hits="0" branch="true" condition-coverage="0% (0/2)">
							<conditions>
								<condition number="0" type="jump" coverage="0%"/>
							</conditions>
						</line>
						<line number="710" hits="0" branch="false"/>
						<line number="712" hits="0" branch="false"/>
						<line number="713" hits="0" branch="false"/>
						<line number="720" hits="1" branch="false"/>
						<line number="721" hits="1" branch="false"/>
						<line number="722" hits="1" branch="false"/>
						<line number="730" hits="0" branch="false"/>
						<line number="731" hits="0" branch="false"/>
						<line number="732" hits="0" branch="false"/>
						<line number="733" hits="0" branch="false"/>
						<line number="734" hits="0" branch="false"/>
						<line number="735" hits="0" branch="false"/>
						<line number="737" hits="0" branch="false"/>
						<line number="738" hits="0" branch="false"/>
						<line number="739" hits="0" branch="false"/>
						<line number="741" hits="0" branch="false"/>
						<line number="742" hits="0" branch="false"/>
						<line number="743" hits="0" branch="false"/>
						<line number="744" hits="0" branch="false"/>
						<line number="745" hits="0" branch="false"/>
						<line number="765" hits="0" branch="false"/>
						<line number="766" hits="0" branch="false"/>
						<line number="789" hits="0" branch="true" condition-coverage="0% (0/2)">
							<conditions>
								<condition number="0" type="jump" coverage="0%"/>
							</conditions>
						</line>
						<line number="790" hits="0" branch="false"/>
						<line number="792" hits="0" branch="false"/>
						<line number="793" hits="0" branch="false"/>
						<line number="794" hits="0" branch="false"/>
						<line number="816" hits="0" branch="false"/>
						<line number="817" hits="0" branch="false"/>
						<line number="818" hits="0" branch="false"/>
						<line number="819" hits="0" branch="false"/>
						<line number="843" hits="1" branch="false"/>
						<line number="844" hits="1" branch="false"/>
						<line number="845" hits="0" branch="false"/>
						<line number="846" hits="0" branch="false"/>
						<line number="851" hits="0" branch="true" condition-coverage="0% (0/4)">
							<conditions>
								<condition number="0" type="jump" coverage="0%"/>
								<condition number="1" type="jump" coverage="0%"/>
							</conditions>
						</line>
						<line number="852" hits="0" branch="false"/>
						<line number="854" hits="0" branch="false"/>
						<line number="855" hits="0" branch="false"/>
						<line number="856" hits="0" branch="false"/>
						<line number="857" hits="0" branch="false"/>
						<line number="858" hits="0" branch="false"/>
						<line number="859" hits="0" branch="false"/>
						<line number="871" hits="1" branch="false"/>
						<line number="872" hits="1" branch="false"/>
						<line number="873" hits="1" branch="false"/>
						<line number="875" hits="1" branch="false"/>
						<line number="876" hits="1" branch="false"/>
						<line number="877" hits="1" branch="false"/>
						<line number="878" hits="1" branch="false"/>
						<line number="879" hits="0" branch="false"/>
						<line number="880" hits="0" branch="false"/>
						<line number="881" hits="0" branch="false"/>
						<line number="886" hits="0" branch="true" condition-coverage="0% (0/2)">
							<conditions>
								<condition number="0" type="jump" coverage="0%"/>
							</conditions>
						</line>
						<line number="887" hits="0" branch="false"/>
						<line number="889" hits="0" branch="false"/>
						<line number="890" hits="0" branch="false"/>
						<line number="891" hits="0" branch="false"/>
						<line number="892" hits="0" branch="false"/>
						<line number="894" hits="0" branch="false"/>
						<line number="896" hits="1" branch="false"/>
						<line number="917" hits="0" branch="false"/>
						<line number="918" hits="0" branch="false"/>
						<line number="941" hits="0" branch="true" condition-coverage="0% (0/2)">
							<conditions>
								<condition number="0" type="jump" coverage="0%"/>
							</conditions>
						</line>
						<line number="942" hits="0" branch="false"/>
						<line number="944" hits="0" branch="false"/>
						<line number="974" hits="0" branch="false"/>
						<line number="975" hits="0" branch="false"/>
						<line number="976" hits="0" branch="false"/>
						<line number="977" hits="0" branch="false"/>
						<line number="978" hits="0" branch="false"/>
						<line number="979" hits="0" branch="false"/>
					</lines>
				</class>
				<class name="com.google.gson.Gson$1" filename="com/google/gson/Gson.java" line-rate="0.5" branch-rate="1.0" complexity="0.0">
					<methods>
						<method name="&lt;init&gt;" signature="(Lcom/google/gson/Gson;)V" line-rate="1.0" branch-rate="1.0">
							<lines>
								<line number="135" hits="1" branch="false"/>
							</lines>
						</method>
						<method name="deserialize" signature="(Lcom/google/gson/JsonElement;Ljava/lang/reflect/Type;)Ljava/lang/Object;" line-rate="0.0" branch-rate="1.0">
							<lines>
								<line number="138" hits="0" branch="false"/>
							</lines>
						</method>
					</methods>
					<lines>
						<line number="135" hits="1" branch="false"/>
						<line number="138" hits="0" branch="false"/>
					</lines>
				</class>
				<class name="com.google.gson.Gson$2" filename="com/google/gson/Gson.java" line-rate="0.3333333333333333" branch-rate="1.0" complexity="0.0">
					<methods>
						<method name="&lt;init&gt;" signature="(Lcom/google/gson/Gson;)V" line-rate="1.0" branch-rate="1.0">
							<lines>
								<line number="142" hits="1" branch="false"/>
							</lines>
						</method>
						<method name="serialize" signature="(Ljava/lang/Object;)Lcom/google/gson/JsonElement;" line-rate="0.0" branch-rate="1.0">
							<lines>
								<line number="144" hits="0" branch="false"/>
							</lines>
						</method>
						<method name="serialize" signature="(Ljava/lang/Object;Ljava/lang/reflect/Type;)Lcom/google/gson/JsonElement;" line-rate="0.0" branch-rate="1.0">
							<lines>
								<line number="147" hits="0" branch="false"/>
							</lines>
						</method>
					</methods>
					<lines>
						<line number="142" hits="1" branch="false"/>
						<line number="144" hits="0" branch="false"/>
						<line number="147" hits="0" branch="false"/>
					</lines>
				</class>
				<class name="com.google.gson.Gson$3" filename="com/google/gson/Gson.java" line-rate="0.08333333333333333" branch-rate="0.0" complexity="0.0">
					<methods>
						<method name="&lt;init&gt;" signature="(Lcom/google/gson/Gson;)V" line-rate="1.0" branch-rate="1.0">
							<lines>
							</lines>
						</method>
						<method name="read" signature="(Lcom/google/gson/stream/JsonReader;)Ljava/lang/Double;" line-rate="0.0" branch-rate="0.0">
							<lines>
								<line number="273" hits="0" branch="true" condition-coverage="0% (0/2)">
									<conditions>
										<condition number="0" type="jump" coverage="0%"/>
									</conditions>
								</line>
								<line number="274" hits="0" branch="false"/>
								<line number="275" hits="0" branch="false"/>
								<line number="277" hits="0" branch="false"/>
							</lines>
						</method>
						<method name="read" signature="(Lcom/google/gson/stream/JsonReader;)Ljava/lang/Object;" line-rate="1.0" branch-rate="1.0">
							<lines>
							</lines>
						</method>
						<method name="write" signature="(Lcom/google/gson/stream/JsonWriter;Ljava/lang/Number;)V" line-rate="0.0" branch-rate="0.0">
							<lines>
								<line number="280" hits="0" branch="true" condition-coverage="0% (0/2)">
									<conditions>
										<condition number="0" type="jump" coverage="0%"/>
									</conditions>
								</line>
								<line number="281" hits="0" branch="false"/>
								<line number="282" hits="0" branch="false"/>
								<line number="284" hits="0" branch="false"/>
								<line number="285" hits="0" branch="false"/>
								<line number="286" hits="0" branch="false"/>
								<line number="287" hits="0" branch="false"/>
							</lines>
						</method>
						<method name="write" signature="(Lcom/google/gson/stream/JsonWriter;Ljava/lang/Object;)V" line-rate="1.0" branch-rate="1.0">
							<lines>
								<line number="271" hits="1" branch="false"/>
							</lines>
						</method>
					</methods>
					<lines>
						<line number="271" hits="1" branch="false"/>
						<line number="273" hits="0" branch="true" condition-coverage="0% (0/2)">
							<conditions>
								<condition number="0" type="jump" coverage="0%"/>
							</conditions>
						</line>
						<line number="274" hits="0" branch="false"/>
						<line number="275" hits="0" branch="false"/>
						<line number="277" hits="0" branch="false"/>
						<line number="280" hits="0" branch="true" condition-coverage="0% (0/2)">
							<conditions>
								<condition number="0" type="jump" coverage="0%"/>
							</conditions>
						</line>
						<line number="281" hits="0" branch="false"/>
						<line number="282" hits="0" branch="false"/>
						<line number="284" hits="0" branch="false"/>
						<line number="285" hits="0" branch="false"/>
						<line number="286" hits="0" branch="false"/>
						<line number="287" hits="0" branch="false"/>
					</lines>
				</class>
				<class name="com.google.gson.Gson$4" filename="com/google/gson/Gson.java" line-rate="0.08333333333333333" branch-rate="0.0" complexity="0.0">
					<methods>
						<method name="&lt;init&gt;" signature="(Lcom/google/gson/Gson;)V" line-rate="1.0" branch-rate="1.0">
							<lines>
							</lines>
						</method>
						<method name="read" signature="(Lcom/google/gson/stream/JsonReader;)Ljava/lang/Float;" line-rate="0.0" branch-rate="0.0">
							<lines>
								<line number="297" hits="0" branch="true" condition-coverage="0% (0/2)">
									<conditions>
										<condition number="0" type="jump" coverage="0%"/>
									</conditions>
								</line>
								<line number="298" hits="0" branch="false"/>
								<line number="299" hits="0" branch="false"/>
								<line number="301" hits="0" branch="false"/>
							</lines>
						</method>
						<method name="read" signature="(Lcom/google/gson/stream/JsonReader;)Ljava/lang/Object;" line-rate="1.0" branch-rate="1.0">
							<lines>
							</lines>
						</method>
						<method name="write" signature="(Lcom/google/gson/stream/JsonWriter;Ljava/lang/Number;)V" line-rate="0.0" branch-rate="0.0">
							<lines>
								<line number="304" hits="0" branch="true" condition-coverage="0% (0/2)">
									<conditions>
										<condition number="0" type="jump" coverage="0%"/>
									</conditions>
								</line>
								<line number="305" hits="0" branch="false"/>
								<line number="306" hits="0" branch="false"/>
								<line number="308" hits="0" branch="false"/>
								<line number="309" hits="0" branch="false"/>
								<line number="310" hits="0" branch="false"/>
								<line number="311" hits="0" branch="false"/>
							</lines>
						</method>
						<method name="write" signature="(Lcom/google/gson/stream/JsonWriter;Ljava/lang/Object;)V" line-rate="1.0" branch-rate="1.0">
							<lines>
								<line number="295" hits="1" branch="false"/>
							</lines>
						</method>
					</methods>
					<lines>
						<line number="295" hits="1" branch="false"/>
						<line number="297" hits="0" branch="true" condition-coverage="0% (0/2)">
							<conditions>
								<condition number="0" type="jump" coverage="0%"/>
							</conditions>
						</line>
						<line number="298" hits="0" branch="false"/>
						<line number="299" hits="0" branch="false"/>
						<line number="301" hits="0" branch="false"/>
						<line number="304" hits="0" branch="true" condition-coverage="0% (0/2)">
							<conditions>
								<condition number="0" type="jump" coverage="0%"/>
							</conditions>
						</line>
						<line number="305" hits="0" branch="false"/>
						<line number="306" hits="0" branch="false"/>
						<line number="308" hits="0" branch="false"/>
						<line number="309" hits="0" branch="false"/>
						<line number="310" hits="0" branch="false"/>
						<line number="311" hits="0" branch="false"/>
					</lines>
				</class>
				<class name="com.google.gson.Gson$5" filename="com/google/gson/Gson.java" line-rate="0.0" branch-rate="0.0" complexity="0.0">
					<methods>
						<method name="&lt;init&gt;" signature="()V" line-rate="1.0" branch-rate="1.0">
							<lines>
							</lines>
						</method>
						<method name="read" signature="(Lcom/google/gson/stream/JsonReader;)Ljava/lang/Number;" line-rate="0.0" branch-rate="0.0">
							<lines>
								<line number="329" hits="0" branch="true" condition-coverage="0% (0/2)">
									<conditions>
										<condition number="0" type="jump" coverage="0%"/>
									</conditions>
								</line>
								<line number="330" hits="0" branch="false"/>
								<line number="331" hits="0" branch="false"/>
								<line number="333" hits="0" branch="false"/>
							</lines>
						</method>
						<method name="read" signature="(Lcom/google/gson/stream/JsonReader;)Ljava/lang/Object;" line-rate="1.0" branch-rate="1.0">
							<lines>
							</lines>
						</method>
						<method name="write" signature="(Lcom/google/gson/stream/JsonWriter;Ljava/lang/Number;)V" line-rate="0.0" branch-rate="0.0">
							<lines>
								<line number="336" hits="0" branch="true" condition-coverage="0% (0/2)">
									<conditions>
										<condition number="0" type="jump" coverage="0%"/>
									</conditions>
								</line>
								<line number="337" hits="0" branch="false"/>
								<line number="338" hits="0" branch="false"/>
								<line number="340" hits="0" branch="false"/>
								<line number="341" hits="0" branch="false"/>
							</lines>
						</method>
						<method name="write" signature="(Lcom/google/gson/stream/JsonWriter;Ljava/lang/Object;)V" line-rate="0.0" branch-rate="1.0">
							<lines>
								<line number="327" hits="0" branch="false"/>
							</lines>
						</method>
					</methods>
					<lines>
						<line number="327" hits="0" branch="false"/>
						<line number="329" hits="0" branch="true" condition-coverage="0% (0/2)">
							<conditions>
								<condition number="0" type="jump" coverage="0%"/>
							</conditions>
						</line>
						<line number="330" hits="0" branch="false"/>
						<line number="331" hits="0" branch="false"/>
						<line number="333" hits="0" branch="false"/>
						<line number="336" hits="0" branch="true" condition-coverage="0% (0/2)">
							<conditions>
								<condition number="0" type="jump" coverage="0%"/>
							</conditions>
						</line>
						<line number="337" hits="0" branch="false"/>
						<line number="338" hits="0" branch="false"/>
						<line number="340" hits="0" branch="false"/>
						<line number="341" hits="0" branch="false"/>
					</lines>
				</class>
				<class name="com.google.gson.Gson$6" filename="com/google/gson/Gson.java" line-rate="0.2" branch-rate="1.0" complexity="0.0">
					<methods>
						<method name="&lt;init&gt;" signature="(Lcom/google/gson/TypeAdapter;)V" line-rate="1.0" branch-rate="1.0">
							<lines>
							</lines>
						</method>
						<method name="read" signature="(Lcom/google/gson/stream/JsonReader;)Ljava/lang/Object;" line-rate="1.0" branch-rate="1.0">
							<lines>
							</lines>
						</method>
						<method name="read" signature="(Lcom/google/gson/stream/JsonReader;)Ljava/util/concurrent/atomic/AtomicLong;" line-rate="0.0" branch-rate="1.0">
							<lines>
								<line number="351" hits="0" branch="false"/>
								<line number="352" hits="0" branch="false"/>
							</lines>
						</method>
						<method name="write" signature="(Lcom/google/gson/stream/JsonWriter;Ljava/lang/Object;)V" line-rate="1.0" branch-rate="1.0">
							<lines>
								<line number="346" hits="1" branch="false"/>
							</lines>
						</method>
						<method name="write" signature="(Lcom/google/gson/stream/JsonWriter;Ljava/util/concurrent/atomic/AtomicLong;)V" line-rate="0.0" branch-rate="1.0">
							<lines>
								<line number="348" hits="0" branch="false"/>
								<line number="349" hits="0" branch="false"/>
							</lines>
						</method>
					</methods>
					<lines>
						<line number="346" hits="1" branch="false"/>
						<line number="348" hits="0" branch="false"/>
						<line number="349" hits="0" branch="false"/>
						<line number="351" hits="0" branch="false"/>
						<line number="352" hits="0" branch="false"/>
					</lines>
				</class>
				<class name="com.google.gson.Gson$7" filename="com/google/gson/Gson.java" line-rate="0.05555555555555555" branch-rate="0.0" complexity="0.0">
					<methods>
						<method name="&lt;init&gt;" signature="(Lcom/google/gson/TypeAdapter;)V" line-rate="1.0" branch-rate="1.0">
							<lines>
							</lines>
						</method>
						<method name="read" signature="(Lcom/google/gson/stream/JsonReader;)Ljava/lang/Object;" line-rate="1.0" branch-rate="1.0">
							<lines>
							</lines>
						</method>
						<method name="read" signature="(Lcom/google/gson/stream/JsonReader;)Ljava/util/concurrent/atomic/AtomicLongArray;" line-rate="0.0" branch-rate="0.0">
							<lines>
								<line number="367" hits="0" branch="false"/>
								<line number="368" hits="0" branch="false"/>
								<line number="369" hits="0" branch="true" condition-coverage="0% (0/2)">
									<conditions>
										<condition number="0" type="jump" coverage="0%"/>
									</conditions>
								</line>
								<line number="370" hits="0" branch="false"/>
								<line number="371" hits="0" branch="false"/>
								<line number="372" hits="0" branch="false"/>
								<line number="373" hits="0" branch="false"/>
								<line number="374" hits="0" branch="false"/>
								<line number="375" hits="0" branch="false"/>
								<line number="376" hits="0" branch="true" condition-coverage="0% (0/2)">
									<conditions>
										<condition number="0" type="jump" coverage="0%"/>
									</conditions>
								</line>
								<line number="377" hits="0" branch="false"/>
								<line number="379" hits="0" branch="false"/>
							</lines>
						</method>
						<method name="write" signature="(Lcom/google/gson/stream/JsonWriter;Ljava/lang/Object;)V" line-rate="1.0" branch-rate="1.0">
							<lines>
								<line number="358" hits="1" branch="false"/>
							</lines>
						</method>
						<method name="write" signature="(Lcom/google/gson/stream/JsonWriter;Ljava/util/concurrent/atomic/AtomicLongArray;)V" line-rate="0.0" branch-rate="0.0">
							<lines>
								<line number="360" hits="0" branch="false"/>
								<line number="361" hits="0" branch="true" condition-coverage="0% (0/2)">
									<conditions>
										<condition number="0" type="jump" coverage="0%"/>
									</conditions>
								</line>
								<line number="362" hits="0" branch="false"/>
								<line number="364" hits="0" branch="false"/>
								<line number="365" hits="0" branch="false"/>
							</lines>
						</method>
					</methods>
					<lines>
						<line number="358" hits="1" branch="false"/>
						<line number="360" hits="0" branch="false"/>
						<line number="361" hits="0" branch="true" condition-coverage="0% (0/2)">
							<conditions>
								<condition number="0" type="jump" coverage="0%"/>
							</conditions>
						</line>
						<line number="362" hits="0" branch="false"/>
						<line number="364" hits="0" branch="false"/>
						<line number="365" hits="0" branch="false"/>
						<line number="367" hits="0" branch="false"/>
						<line number="368" hits="0" branch="false"/>
						<line number="369" hits="0" branch="true" condition-coverage="0% (0/2)">
							<conditions>
								<condition number="0" type="jump" coverage="0%"/>
							</conditions>
						</line>
						<line number="370" hits="0" branch="false"/>
						<line number="371" hits="0" branch="false"/>
						<line number="372" hits="0" branch="false"/>
						<line number="373" hits="0" branch="false"/>
						<line number="374" hits="0" branch="false"/>
						<line number="375" hits="0" branch="false"/>
						<line number="376" hits="0" branch="true" condition-coverage="0% (0/2)">
							<conditions>
								<condition number="0" type="jump" coverage="0%"/>
							</conditions>
						</line>
						<line number="377" hits="0" branch="false"/>
						<line number="379" hits="0" branch="false"/>
					</lines>
				</class>
				<class name="com.google.gson.Gson$FutureTypeAdapter" filename="com/google/gson/Gson.java" line-rate="0.08333333333333333" branch-rate="0.0" complexity="0.0">
					<methods>
						<method name="&lt;init&gt;" signature="()V" line-rate="1.0" branch-rate="1.0">
							<lines>
								<line number="947" hits="2" branch="false"/>
							</lines>
						</method>
						<method name="read" signature="(Lcom/google/gson/stream/JsonReader;)Ljava/lang/Object;" line-rate="0.0" branch-rate="0.0">
							<lines>
								<line number="958" hits="0" branch="true" condition-coverage="0% (0/2)">
									<conditions>
										<condition number="0" type="jump" coverage="0%"/>
									</conditions>
								</line>
								<line number="959" hits="0" branch="false"/>
								<line number="961" hits="0" branch="false"/>
							</lines>
						</method>
						<method name="setDelegate" signature="(Lcom/google/gson/TypeAdapter;)V" line-rate="0.0" branch-rate="0.0">
							<lines>
								<line number="951" hits="0" branch="true" condition-coverage="0% (0/2)">
									<conditions>
										<condition number="0" type="jump" coverage="0%"/>
									</conditions>
								</line>
								<line number="952" hits="0" branch="false"/>
								<line number="954" hits="0" branch="false"/>
								<line number="955" hits="0" branch="false"/>
							</lines>
						</method>
						<method name="write" signature="(Lcom/google/gson/stream/JsonWriter;Ljava/lang/Object;)V" line-rate="0.0" branch-rate="0.0">
							<lines>
								<line number="965" hits="0" branch="true" condition-coverage="0% (0/2)">
									<conditions>
										<condition number="0" type="jump" coverage="0%"/>
									</conditions>
								</line>
								<line number="966" hits="0" branch="false"/>
								<line number="968" hits="0" branch="false"/>
								<line number="969" hits="0" branch="false"/>
							</lines>
						</method>
					</methods>
					<lines>
						<line number="947" hits="2" branch="false"/>
						<line number="951" hits="0" branch="true" condition-coverage="0% (0/2)">
							<conditions>
								<condition number="0" type="jump" coverage="0%"/>
							</conditions>
						</line>
						<line number="952" hits="0" branch="false"/>
						<line number="954" hits="0" branch="false"/>
						<line number="955" hits="0" branch="false"/>
						<line number="958" hits="0" branch="true" condition-coverage="0% (0/2)">
							<conditions>
								<condition number="0" type="jump" coverage="0%"/>
							</conditions>
						</line>
						<line number="959" hits="0" branch="false"/>
						<line number="961" hits="0" branch="false"/>
						<line number="965" hits="0" branch="true" condition-coverage="0% (0/2)">
							<conditions>
								<condition number="0" type="jump" coverage="0%"/>
							</conditions>
						</line>
						<line number="966" hits="0" branch="false"/>
						<line number="968" hits="0" branch="false"/>
						<line number="969" hits="0" branch="false"/>
					</lines>
[...]
							<conditions>
								<condition number="0" type="jump" coverage="0%"/>
							</conditions>
						</line>
						<line number="158" hits="0" branch="false"/>
						<line number="161" hits="0" branch="false"/>
						<line number="164" hits="0" branch="true" condition-coverage="0% (0/2)">
							<conditions>
								<condition number="0" type="jump" coverage="0%"/>
							</conditions>
						</line>
						<line number="165" hits="0" branch="false"/>
						<line number="166" hits="0" branch="true" condition-coverage="0% (0/2)">
							<conditions>
								<condition number="0" type="jump" coverage="0%"/>
							</conditions>
						</line>
						<line number="167" hits="0" branch="true" condition-coverage="0% (0/2)">
							<conditions>
								<condition number="0" type="jump" coverage="0%"/>
							</conditions>
						</line>
						<line number="168" hits="0" branch="true" condition-coverage="0% (0/2)">
							<conditions>
								<condition number="0" type="jump" coverage="0%"/>
							</conditions>
						</line>
						<line number="169" hits="0" branch="false"/>
						<line number="171" hits="0" branch="true" condition-coverage="0% (0/2)">
							<conditions>
								<condition number="0" type="jump" coverage="0%"/>
							</conditions>
						</line>
						<line number="172" hits="0" branch="false"/>
						<line number="176" hits="0" branch="true" condition-coverage="0% (0/2)">
							<conditions>
								<condition number="0" type="jump" coverage="0%"/>
							</conditions>
						</line>
						<line number="177" hits="0" branch="false"/>
						<line number="179" hits="0" branch="true" condition-coverage="0% (0/2)">
							<conditions>
								<condition number="0" type="jump" coverage="0%"/>
							</conditions>
						</line>
						<line number="180" hits="0" branch="false"/>
						<line number="182" hits="0" branch="true" condition-coverage="0% (0/2)">
							<conditions>
								<condition number="0" type="jump" coverage="0%"/>
							</conditions>
						</line>
						<line number="183" hits="0" branch="false"/>
						<line number="185" hits="0" branch="false"/>
						<line number="186" hits="0" branch="false"/>
						<line number="187" hits="0" branch="false"/>
					</lines>
				</class>
			</classes>
		</package>
		<package name="dao" line-rate="0.0" branch-rate="0.0" complexity="1.3">
			<classes>
				<class name="dao.CardDao" filename="dao/CardDao.java" line-rate="1.0" branch-rate="1.0" complexity="1.0">
					<methods>
					</methods>
					<lines>
					</lines>
				</class>
				<class name="dao.CardDaoJsonImpl" filename="dao/CardDaoJsonImpl.java" line-rate="0.0" branch-rate="0.0" complexity="1.75">
					<methods>
						<method name="&lt;clinit&gt;" signature="()V" line-rate="0.0" branch-rate="1.0">
							<lines>
								<line number="17" hits="0" branch="false"/>
							</lines>
						</method>
						<method name="&lt;init&gt;" signature="()V" line-rate="0.0" branch-rate="1.0">
							<lines>
								<line number="15" hits="0" branch="false"/>
								<line number="18" hits="0" branch="false"/>
							</lines>
						</method>
						<method name="getCard" signature="(Ljava/lang/String;)Lmodel/Card;" line-rate="0.0" branch-rate="0.0">
							<lines>
								<line number="36" hits="0" branch="true" condition-coverage="0% (0/2)">
									<conditions>
										<condition number="0" type="jump" coverage="0%"/>
									</conditions>
								</line>
								<line number="37" hits="0" branch="true" condition-coverage="0% (0/2)">
									<conditions>
										<condition number="0" type="jump" coverage="0%"/>
									</conditions>
								</line>
								<line number="38" hits="0" branch="false"/>
								<line number="40" hits="0" branch="false"/>
								<line number="41" hits="0" branch="false"/>
							</lines>
						</method>
						<method name="getCards" signature="()Ljava/util/List;" line-rate="0.0" branch-rate="1.0">
							<lines>
								<line number="28" hits="0" branch="false"/>
								<line number="29" hits="0" branch="false"/>
							</lines>
						</method>
						<method name="getRandomCard" signature="()Lmodel/Card;" line-rate="0.0" branch-rate="1.0">
							<lines>
								<line number="46" hits="0" branch="false"/>
								<line number="47" hits="0" branch="false"/>
								<line number="48" hits="0" branch="false"/>
							</lines>
						</method>
						<method name="init" signature="()V" line-rate="0.0" branch-rate="1.0">
							<lines>
								<line number="22" hits="0" branch="false"/>
								<line number="23" hits="0" branch="false"/>
								<line number="24" hits="0" branch="false"/>
							</lines>
						</method>
					</methods>
					<lines>
						<line number="15" hits="0" branch="false"/>
						<line number="17" hits="0" branch="false"/>
						<line number="18" hits="0" branch="false"/>
						<line number="22" hits="0" branch="false"/>
						<line number="23" hits="0" branch="false"/>
						<line number="24" hits="0" branch="false"/>
						<line number="28" hits="0" branch="false"/>
						<line number="29" hits="0" branch="false"/>
						<line number="36" hits="0" branch="true" condition-coverage="0% (0/2)">
							<conditions>
								<condition number="0" type="jump" coverage="0%"/>
							</conditions>
						</line>
						<line number="37" hits="0" branch="true" condition-coverage="0% (0/2)">
							<conditions>
								<condition number="0" type="jump" coverage="0%"/>
							</conditions>
						</line>
						<line number="38" hits="0" branch="false"/>
						<line number="40" hits="0" branch="false"/>
						<line number="41" hits="0" branch="false"/>
						<line number="46" hits="0" branch="false"/>
						<line number="47" hits="0" branch="false"/>
						<line number="48" hits="0" branch="false"/>
					</lines>
				</class>
				<class name="dao.CardDaoJsonImpl$1" filename="dao/CardDaoJsonImpl.java" line-rate="0.0" branch-rate="1.0" complexity="1.75">
					<methods>
						<method name="&lt;init&gt;" signature="(Ldao/CardDaoJsonImpl;)V" line-rate="0.0" branch-rate="1.0">
							<lines>
								<line number="23" hits="0" branch="false"/>
							</lines>
						</method>
					</methods>
					<lines>
						<line number="23" hits="0" branch="false"/>
					</lines>
				</class>
				<class name="dao.CardService" filename="dao/CardService.java" line-rate="0.0" branch-rate="1.0" complexity="1.0">
					<methods>
						<method name="&lt;init&gt;" signature="(Ldao/CardDao;)V" line-rate="0.0" branch-rate="1.0">
							<lines>
								<line number="7" hits="0" branch="false"/>
								<line number="9" hits="0" branch="false"/>
								<line number="11" hits="0" branch="false"/>
								<line number="12" hits="0" branch="false"/>
							</lines>
						</method>
						<method name="getCard" signature="(Ljava/lang/String;)Lmodel/Card;" line-rate="0.0" branch-rate="1.0">
							<lines>
								<line number="15" hits="0" branch="false"/>
							</lines>
						</method>
						<method name="getRandomCard" signature="()Lmodel/Card;" line-rate="0.0" branch-rate="1.0">
							<lines>
								<line number="19" hits="0" branch="false"/>
							</lines>
						</method>
					</methods>
					<lines>
						<line number="7" hits="0" branch="false"/>
						<line number="9" hits="0" branch="false"/>
						<line number="11" hits="0" branch="false"/>
						<line number="12" hits="0" branch="false"/>
						<line number="15" hits="0" branch="false"/>
						<line number="19" hits="0" branch="false"/>
					</lines>
				</class>
			</classes>
		</package>
		<package name="model" line-rate="0.0" branch-rate="0.0" complexity="2.4285714285714284">
			<classes>
				<class name="model.Card" filename="model/Card.java" line-rate="0.0" branch-rate="0.0" complexity="2.4285714285714284">
					<methods>
						<method name="&lt;init&gt;" signature="(Ljava/lang/String;IIII)V" line-rate="0.0" branch-rate="1.0">
							<lines>
								<line number="11" hits="0" branch="false"/>
								<line number="12" hits="0" branch="false"/>
								<line number="13" hits="0" branch="false"/>
								<line number="14" hits="0" branch="false"/>
								<line number="15" hits="0" branch="false"/>
								<line number="16" hits="0" branch="false"/>
								<line number="17" hits="0" branch="false"/>
							</lines>
						</method>
						<method name="equals" signature="(Ljava/lang/Object;)Z" line-rate="0.0" branch-rate="0.0">
							<lines>
								<line number="79" hits="0" branch="true" condition-coverage="0% (0/2)">
									<conditions>
										<condition number="0" type="jump" coverage="0%"/>
									</conditions>
								</line>
								<line number="80" hits="0" branch="false"/>
								<line number="81" hits="0" branch="true" condition-coverage="0% (0/2)">
									<conditions>
										<condition number="0" type="jump" coverage="0%"/>
									</conditions>
								</line>
								<line number="82" hits="0" branch="false"/>
								<line number="83" hits="0" branch="true" condition-coverage="0% (0/2)">
									<conditions>
										<condition number="0" type="jump" coverage="0%"/>
									</conditions>
								</line>
								<line number="84" hits="0" branch="false"/>
								<line number="85" hits="0" branch="false"/>
								<line number="86" hits="0" branch="true" condition-coverage="0% (0/2)">
									<conditions>
										<condition number="0" type="jump" coverage="0%"/>
									</conditions>
								</line>
								<line number="87" hits="0" branch="false"/>
								<line number="88" hits="0" branch="true" condition-coverage="0% (0/2)">
									<conditions>
										<condition number="0" type="jump" coverage="0%"/>
									</conditions>
								</line>
								<line number="89" hits="0" branch="false"/>
								<line number="90" hits="0" branch="true" condition-coverage="0% (0/2)">
									<conditions>
										<condition number="0" type="jump" coverage="0%"/>
									</conditions>
								</line>
								<line number="91" hits="0" branch="true" condition-coverage="0% (0/2)">
									<conditions>
										<condition number="0" type="jump" coverage="0%"/>
									</conditions>
								</line>
								<line number="92" hits="0" branch="false"/>
								<line number="93" hits="0" branch="true" condition-coverage="0% (0/2)">
									<conditions>
										<condition number="0" type="jump" coverage="0%"/>
									</conditions>
								</line>
								<line number="94" hits="0" branch="false"/>
								<line number="95" hits="0" branch="true" condition-coverage="0% (0/2)">
									<conditions>
										<condition number="0" type="jump" coverage="0%"/>
									</conditions>
								</line>
								<line number="96" hits="0" branch="false"/>
								<line number="97" hits="0" branch="true" condition-coverage="0% (0/2)">
									<conditions>
										<condition number="0" type="jump" coverage="0%"/>
									</conditions>
								</line>
								<line number="98" hits="0" branch="false"/>
								<line number="99" hits="0" branch="false"/>
							</lines>
						</method>
						<method name="getBottom" signature="()I" line-rate="0.0" branch-rate="1.0">
							<lines>
								<line number="36" hits="0" branch="false"/>
							</lines>
						</method>
						<method name="getLeft" signature="()I" line-rate="0.0" branch-rate="1.0">
							<lines>
								<line number="52" hits="0" branch="false"/>
							</lines>
						</method>
						<method name="getName" signature="()Ljava/lang/String;" line-rate="0.0" branch-rate="1.0">
							<lines>
								<line number="20" hits="0" branch="false"/>
							</lines>
						</method>
						<method name="getRight" signature="()I" line-rate="0.0" branch-rate="1.0">
							<lines>
								<line number="44" hits="0" branch="false"/>
							</lines>
						</method>
						<method name="getTop" signature="()I" line-rate="0.0" branch-rate="1.0">
							<lines>
								<line number="28" hits="0" branch="false"/>
							</lines>
						</method>
						<method name="hashCode" signature="()I" line-rate="0.0" branch-rate="0.0">
							<lines>
								<line number="67" hits="0" branch="false"/>
								<line number="68" hits="0" branch="false"/>
								<line number="69" hits="0" branch="false"/>
								<line number="70" hits="0" branch="false"/>
								<line number="71" hits="0" branch="true" condition-coverage="0% (0/2)">
									<conditions>
										<condition number="0" type="jump" coverage="0%"/>
									</conditions>
								</line>
								<line number="72" hits="0" branch="false"/>
								<line number="73" hits="0" branch="false"/>
								<line number="74" hits="0" branch="false"/>
							</lines>
						</method>
						<method name="setBottom" signature="(I)V" line-rate="0.0" branch-rate="1.0">
							<lines>
								<line number="40" hits="0" branch="false"/>
								<line number="41" hits="0" branch="false"/>
							</lines>
						</method>
						<method name="setLeft" signature="(I)V" line-rate="0.0" branch-rate="1.0">
							<lines>
								<line number="56" hits="0" branch="false"/>
								<line number="57" hits="0" branch="false"/>
							</lines>
						</method>
						<method name="setName" signature="(Ljava/lang/String;)V" line-rate="0.0" branch-rate="1.0">
							<lines>
								<line number="24" hits="0" branch="false"/>
								<line number="25" hits="0" branch="false"/>
							</lines>
						</method>
						<method name="setRight" signature="(I)V" line-rate="0.0" branch-rate="1.0">
							<lines>
								<line number="48" hits="0" branch="false"/>
								<line number="49" hits="0" branch="false"/>
							</lines>
						</method>
						<method name="setTop" signature="(I)V" line-rate="0.0" branch-rate="1.0">
							<lines>
								<line number="32" hits="0" branch="false"/>
								<line number="33" hits="0" branch="false"/>
							</lines>
						</method>
						<method name="toString" signature="()Ljava/lang/String;" line-rate="0.0" branch-rate="1.0">
							<lines>
								<line number="61" hits="0" branch="false"/>
							</lines>
						</method>
					</methods>
					<lines>
						<line number="11" hits="0" branch="false"/>
						<line number="12" hits="0" branch="false"/>
						<line number="13" hits="0" branch="false"/>
						<line number="14" hits="0" branch="false"/>
						<line number="15" hits="0" branch="false"/>
						<line number="16" hits="0" branch="false"/>
						<line number="17" hits="0" branch="false"/>
						<line number="20" hits="0" branch="false"/>
						<line number="24" hits="0" branch="false"/>
						<line number="25" hits="0" branch="false"/>
						<line number="28" hits="0" branch="false"/>
						<line number="32" hits="0" branch="false"/>
						<line number="33" hits="0" branch="false"/>
						<line number="36" hits="0" branch="false"/>
						<line number="40" hits="0" branch="false"/>
						<line number="41" hits="0" branch="false"/>
						<line number="44" hits="0" branch="false"/>
						<line number="48" hits="0" branch="false"/>
						<line number="49" hits="0" branch="false"/>
						<line number="52" hits="0" branch="false"/>
						<line number="56" hits="0" branch="false"/>
						<line number="57" hits="0" branch="false"/>
						<line number="61" hits="0" branch="false"/>
						<line number="67" hits="0" branch="false"/>
						<line number="68" hits="0" branch="false"/>
						<line number="69" hits="0" branch="false"/>
						<line number="70" hits="0" branch="false"/>
						<line number="71" hits="0" branch="true" condition-coverage="0% (0/2)">
							<conditions>
								<condition number="0" type="jump" coverage="0%"/>
							</conditions>
						</line>
						<line number="72" hits="0" branch="false"/>
						<line number="73" hits="0" branch="false"/>
						<line number="74" hits="0" branch="false"/>
						<line number="79" hits="0" branch="true" condition-coverage="0% (0/2)">
							<conditions>
								<condition number="0" type="jump" coverage="0%"/>
							</conditions>
						</line>
						<line number="80" hits="0" branch="false"/>
						<line number="81" hits="0" branch="true" condition-coverage="0% (0/2)">
							<conditions>
								<condition number="0" type="jump" coverage="0%"/>
							</conditions>
						</line>
						<line number="82" hits="0" branch="false"/>
						<line number="83" hits="0" branch="true" condition-coverage="0% (0/2)">
							<conditions>
								<condition number="0" type="jump" coverage="0%"/>
							</conditions>
						</line>
						<line number="84" hits="0" branch="false"/>
						<line number="85" hits="0" branch="false"/>
						<line number="86" hits="0" branch="true" condition-coverage="0% (0/2)">
							<conditions>
								<condition number="0" type="jump" coverage="0%"/>
							</conditions>
						</line>
						<line number="87" hits="0" branch="false"/>
						<line number="88" hits="0" branch="true" condition-coverage="0% (0/2)">
							<conditions>
								<condition number="0" type="jump" coverage="0%"/>
							</conditions>
						</line>
						<line number="89" hits="0" branch="false"/>
						<line number="90" hits="0" branch="true" condition-coverage="0% (0/2)">
							<conditions>
								<condition number="0" type="jump" coverage="0%"/>
							</conditions>
						</line>
						<line number="91" hits="0" branch="true" condition-coverage="0% (0/2)">
							<conditions>
								<condition number="0" type="jump" coverage="0%"/>
							</conditions>
						</line>
						<line number="92" hits="0" branch="false"/>
						<line number="93" hits="0" branch="true" condition-coverage="0% (0/2)">
							<conditions>
								<condition number="0" type="jump" coverage="0%"/>
							</conditions>
						</line>
						<line number="94" hits="0" branch="false"/>
						<line number="95" hits="0" branch="true" condition-coverage="0% (0/2)">
							<conditions>
								<condition number="0" type="jump" coverage="0%"/>
							</conditions>
						</line>
						<line number="96" hits="0" branch="false"/>
						<line number="97" hits="0" branch="true" condition-coverage="0% (0/2)">
							<conditions>
								<condition number="0" type="jump" coverage="0%"/>
							</conditions>
						</line>
						<line number="98" hits="0" branch="false"/>
						<line number="99" hits="0" branch="false"/>
					</lines>
				</class>
			</classes>
		</package>
		<package name="view" line-rate="0.0" branch-rate="1.0" complexity="1.0">
			<classes>
				<class name="view.MainApp" filename="view/MainApp.java" line-rate="0.0" branch-rate="1.0" complexity="1.0">
					<methods>
						<method name="&lt;init&gt;" signature="()V" line-rate="0.0" branch-rate="1.0">
							<lines>
								<line number="14" hits="0" branch="false"/>
							</lines>
						</method>
						<method name="main" signature="([Ljava/lang/String;)V" line-rate="0.0" branch-rate="1.0">
							<lines>
								<line number="36" hits="0" branch="false"/>
								<line number="37" hits="0" branch="false"/>
							</lines>
						</method>
						<method name="start" signature="(Ljavafx/stage/Stage;)V" line-rate="0.0" branch-rate="1.0">
							<lines>
								<line number="18" hits="0" branch="false"/>
								<line number="20" hits="0" branch="false"/>
								<line number="21" hits="0" branch="false"/>
								<line number="22" hits="0" branch="false"/>
								<line number="23" hits="0" branch="false"/>
								<line number="24" hits="0" branch="false"/>
								<line number="26" hits="0" branch="false"/>
							</lines>
						</method>
					</methods>
					<lines>
						<line number="14" hits="0" branch="false"/>
						<line number="18" hits="0" branch="false"/>
						<line number="20" hits="0" branch="false"/>
						<line number="21" hits="0" branch="false"/>
						<line number="22" hits="0" branch="false"/>
						<line number="23" hits="0" branch="false"/>
						<line number="24" hits="0" branch="false"/>
						<line number="26" hits="0" branch="false"/>
						<line number="36" hits="0" branch="false"/>
						<line number="37" hits="0" branch="false"/>
					</lines>
				</class>
			</classes>
		</package>
	</packages>
</coverage>
